{
  "stats": {
    "suites": 1,
    "tests": 1,
    "passes": 1,
    "pending": 0,
    "failures": 0,
    "start": "2026-02-02T16:14:01.384Z",
    "end": "2026-02-02T16:14:05.500Z",
    "duration": 4116,
    "testsRegistered": 1,
    "passPercent": 100,
    "pendingPercent": 0,
    "other": 0,
    "hasOther": false,
    "skipped": 0,
    "hasSkipped": false
  },
  "results": [
    {
      "uuid": "ea9079a1-15ac-4931-874d-554796d49f9a",
      "title": "",
      "fullFile": "cypress/e2e/Login.cy.js",
      "file": "cypress/e2e/Login.cy.js",
      "beforeHooks": [],
      "afterHooks": [],
      "tests": [],
      "suites": [
        {
          "uuid": "c496b366-44d3-45c2-8f98-23fb27d64c5f",
          "title": "Testes de login da DemoPHP",
          "fullFile": "",
          "file": "",
          "beforeHooks": [],
          "afterHooks": [],
          "tests": [
            {
              "title": "Teste 4 - Login com dados randômicos",
              "fullTitle": "Testes de login da DemoPHP Teste 4 - Login com dados randômicos",
              "timedOut": null,
              "duration": 4103,
              "state": "passed",
              "speed": "fast",
              "pass": true,
              "fail": false,
              "pending": false,
              "context": null,
              "code": "const email = _faker.faker.internet.email();\nconst password = _faker.faker.internet.password();\n_pageseexport.default.login(email, password);\n_pageseexport.default.CheckMessageError('Error Invalid Credentials');",
              "err": {},
              "uuid": "13944fd2-2d93-4528-b904-b7b7a7d20420",
              "parentUUID": "c496b366-44d3-45c2-8f98-23fb27d64c5f",
              "isHook": false,
              "skipped": false
            }
          ],
          "suites": [],
          "passes": [
            "13944fd2-2d93-4528-b904-b7b7a7d20420"
          ],
          "failures": [],
          "pending": [],
          "skipped": [],
          "duration": 4103,
          "root": false,
          "rootEmpty": false,
          "_timeout": 2000
        }
      ],
      "passes": [],
      "failures": [],
      "pending": [],
      "skipped": [],
      "duration": 0,
      "root": true,
      "rootEmpty": true,
      "_timeout": 2000
    }
  ],
  "meta": {
    "mocha": {
      "version": "7.2.0"
    },
    "mochawesome": {
      "options": {
        "quiet": false,
        "reportFilename": "mochawesome",
        "saveHtml": false,
        "saveJson": true,
        "consoleReporter": "spec",
        "useInlineDiffs": false,
        "code": true
      },
      "version": "7.1.4"
    },
    "marge": {
      "options": {
        "reportDir": "cypress/reports",
        "overwrite": false,
        "html": false,
        "json": true
      },
      "version": "6.3.2"
    }
  }
}