{
  "stats": {
    "suites": 1,
    "tests": 4,
    "passes": 4,
    "pending": 0,
    "failures": 0,
    "start": "2026-02-02T17:42:52.026Z",
    "end": "2026-02-02T17:43:02.780Z",
    "duration": 10754,
    "testsRegistered": 4,
    "passPercent": 100,
    "pendingPercent": 0,
    "other": 0,
    "hasOther": false,
    "skipped": 0,
    "hasSkipped": false
  },
  "results": [
    {
      "uuid": "fc10c796-9e89-48d6-a302-4d3989c4e87a",
      "title": "",
      "fullFile": "cypress/e2e/Login.cy.js",
      "file": "cypress/e2e/Login.cy.js",
      "beforeHooks": [],
      "afterHooks": [],
      "tests": [],
      "suites": [
        {
          "uuid": "9ad3e793-cb2c-43de-9ffd-1925a562f8d2",
          "title": "Testes de login da DemoPHP",
          "fullFile": "",
          "file": "",
          "beforeHooks": [],
          "afterHooks": [],
          "tests": [
            {
              "title": "Teste 1 - Login com sucesso",
              "fullTitle": "Testes de login da DemoPHP Teste 1 - Login com sucesso",
              "timedOut": null,
              "duration": 4514,
              "state": "passed",
              "speed": "fast",
              "pass": true,
              "fail": false,
              "pending": false,
              "context": null,
              "code": "cy.fixture('cadastro').then(user => {\n  _pageseexport.default.login(user.user1.email, user.user1.senha);\n});",
              "err": {},
              "uuid": "e69a3c81-18da-4b27-a2ab-d740fe9b4664",
              "parentUUID": "9ad3e793-cb2c-43de-9ffd-1925a562f8d2",
              "isHook": false,
              "skipped": false
            },
            {
              "title": "Teste 2 - Login com Email não cadastrado",
              "fullTitle": "Testes de login da DemoPHP Teste 2 - Login com Email não cadastrado",
              "timedOut": null,
              "duration": 1952,
              "state": "passed",
              "speed": "fast",
              "pass": true,
              "fail": false,
              "pending": false,
              "context": null,
              "code": "const user = _faker.faker.internet.email();\nconst senha = _faker.faker.internet.password({\n  length: 10\n});\n_pageseexport.default.login(user, senha);\n_pageseexport.default.CheckMessageError('Error Invalid Credentials');",
              "err": {},
              "uuid": "bf1b097e-d702-48ad-ba90-f3b2115bd621",
              "parentUUID": "9ad3e793-cb2c-43de-9ffd-1925a562f8d2",
              "isHook": false,
              "skipped": false
            },
            {
              "title": "Teste 3 - Login com senha inválida",
              "fullTitle": "Testes de login da DemoPHP Teste 3 - Login com senha inválida",
              "timedOut": null,
              "duration": 2128,
              "state": "passed",
              "speed": "fast",
              "pass": true,
              "fail": false,
              "pending": false,
              "context": null,
              "code": "cy.fixture('cadastro').then(user => {\n  _pageseexport.default.login(user.user1.email, \"error1234\");\n  _pageseexport.default.CheckMessageError('Error Invalid Credentials');\n});",
              "err": {},
              "uuid": "45cc407f-3ac0-41e8-b063-f90c33095767",
              "parentUUID": "9ad3e793-cb2c-43de-9ffd-1925a562f8d2",
              "isHook": false,
              "skipped": false
            },
            {
              "title": "Teste 4 - Login com dados randômicos",
              "fullTitle": "Testes de login da DemoPHP Teste 4 - Login com dados randômicos",
              "timedOut": null,
              "duration": 2072,
              "state": "passed",
              "speed": "fast",
              "pass": true,
              "fail": false,
              "pending": false,
              "context": null,
              "code": "const email = _faker.faker.internet.email();\nconst password = _faker.faker.internet.password();\n_pageseexport.default.login(email, password);\n_pageseexport.default.CheckMessageError('Error Invalid Credentials');",
              "err": {},
              "uuid": "3553dbac-369c-4c59-8ca9-2af264c53fb8",
              "parentUUID": "9ad3e793-cb2c-43de-9ffd-1925a562f8d2",
              "isHook": false,
              "skipped": false
            }
          ],
          "suites": [],
          "passes": [
            "e69a3c81-18da-4b27-a2ab-d740fe9b4664",
            "bf1b097e-d702-48ad-ba90-f3b2115bd621",
            "45cc407f-3ac0-41e8-b063-f90c33095767",
            "3553dbac-369c-4c59-8ca9-2af264c53fb8"
          ],
          "failures": [],
          "pending": [],
          "skipped": [],
          "duration": 10666,
          "root": false,
          "rootEmpty": false,
          "_timeout": 2000
        }
      ],
      "passes": [],
      "failures": [],
      "pending": [],
      "skipped": [],
      "duration": 0,
      "root": true,
      "rootEmpty": true,
      "_timeout": 2000
    }
  ],
  "meta": {
    "mocha": {
      "version": "7.2.0"
    },
    "mochawesome": {
      "options": {
        "quiet": false,
        "reportFilename": "mochawesome",
        "saveHtml": false,
        "saveJson": true,
        "consoleReporter": "spec",
        "useInlineDiffs": false,
        "code": true
      },
      "version": "7.1.4"
    },
    "marge": {
      "options": {
        "reportDir": "cypress/reports",
        "overwrite": false,
        "html": false,
        "json": true,
        "charts": true,
        "reportPageTitle": "PHPTravels - Cypress Automation Report"
      },
      "version": "6.3.2"
    }
  }
}