{
  "stats": {
    "suites": 2,
    "tests": 5,
    "passes": 5,
    "pending": 0,
    "failures": 0,
    "testsRegistered": 5,
    "passPercent": 100,
    "pendingPercent": 0,
    "other": 0,
    "hasOther": false,
    "skipped": 0,
    "hasSkipped": false,
    "start": "2026-02-02T16:14:01.384Z",
    "end": "2026-02-02T16:34:19.091Z",
    "duration": 1217707
  },
  "results": [
    {
      "uuid": "7e74b4fa-ac32-4f8f-b82c-91b3baf060b9",
      "title": "",
      "fullFile": "cypress/e2e/Login.cy.js",
      "file": "cypress/e2e/Login.cy.js",
      "beforeHooks": [],
      "afterHooks": [],
      "tests": [],
      "suites": [
        {
          "uuid": "62ceb6c6-7926-4d09-9557-c01861ed0724",
          "title": "Testes de login da DemoPHP",
          "fullFile": "",
          "file": "",
          "beforeHooks": [],
          "afterHooks": [],
          "tests": [
            {
              "title": "Teste 1 - Login com sucesso",
              "fullTitle": "Testes de login da DemoPHP Teste 1 - Login com sucesso",
              "timedOut": null,
              "duration": 10713,
              "state": "passed",
              "speed": "slow",
              "pass": true,
              "fail": false,
              "pending": false,
              "context": null,
              "code": "cy.fixture('cadastro').then(user => {\n  _pageseexport.default.login(user.user1.email, user.user1.senha);\n});",
              "err": {},
              "uuid": "23e3ea70-9d85-47d4-b2f6-5220cd06af99",
              "parentUUID": "62ceb6c6-7926-4d09-9557-c01861ed0724",
              "isHook": false,
              "skipped": false
            },
            {
              "title": "Teste 2 - Login com Email não cadastrado",
              "fullTitle": "Testes de login da DemoPHP Teste 2 - Login com Email não cadastrado",
              "timedOut": null,
              "duration": 2047,
              "state": "passed",
              "speed": "fast",
              "pass": true,
              "fail": false,
              "pending": false,
              "context": null,
              "code": "const user = _faker.faker.internet.email();\nconst senha = _faker.faker.internet.password({\n  length: 10\n});\n_pageseexport.default.login(user, senha);\n_pageseexport.default.CheckMessageError('Error Invalid Credentials');",
              "err": {},
              "uuid": "29c62d67-612a-496d-9fdb-d98887cf7400",
              "parentUUID": "62ceb6c6-7926-4d09-9557-c01861ed0724",
              "isHook": false,
              "skipped": false
            },
            {
              "title": "Teste 3 - Login com senha inválida",
              "fullTitle": "Testes de login da DemoPHP Teste 3 - Login com senha inválida",
              "timedOut": null,
              "duration": 2084,
              "state": "passed",
              "speed": "fast",
              "pass": true,
              "fail": false,
              "pending": false,
              "context": null,
              "code": "cy.fixture('cadastro').then(user => {\n  _pageseexport.default.login(user.user1.email, \"error1234\");\n  _pageseexport.default.CheckMessageError('Error Invalid Credentials');\n});",
              "err": {},
              "uuid": "bc97575b-24c9-4d96-8372-cfea9f164b6a",
              "parentUUID": "62ceb6c6-7926-4d09-9557-c01861ed0724",
              "isHook": false,
              "skipped": false
            },
            {
              "title": "Teste 4 - Login com dados randômicos",
              "fullTitle": "Testes de login da DemoPHP Teste 4 - Login com dados randômicos",
              "timedOut": null,
              "duration": 2076,
              "state": "passed",
              "speed": "fast",
              "pass": true,
              "fail": false,
              "pending": false,
              "context": null,
              "code": "const email = _faker.faker.internet.email();\nconst password = _faker.faker.internet.password();\n_pageseexport.default.login(email, password);\n_pageseexport.default.CheckMessageError('Error Invalid Credentials');",
              "err": {},
              "uuid": "4f3fcf88-a9bb-4dda-a4a1-e5be46bec416",
              "parentUUID": "62ceb6c6-7926-4d09-9557-c01861ed0724",
              "isHook": false,
              "skipped": false
            }
          ],
          "suites": [],
          "passes": [
            "23e3ea70-9d85-47d4-b2f6-5220cd06af99",
            "29c62d67-612a-496d-9fdb-d98887cf7400",
            "bc97575b-24c9-4d96-8372-cfea9f164b6a",
            "4f3fcf88-a9bb-4dda-a4a1-e5be46bec416"
          ],
          "failures": [],
          "pending": [],
          "skipped": [],
          "duration": 16920,
          "root": false,
          "rootEmpty": false,
          "_timeout": 2000
        }
      ],
      "passes": [],
      "failures": [],
      "pending": [],
      "skipped": [],
      "duration": 0,
      "root": true,
      "rootEmpty": true,
      "_timeout": 2000
    },
    {
      "uuid": "ea9079a1-15ac-4931-874d-554796d49f9a",
      "title": "",
      "fullFile": "cypress/e2e/Login.cy.js",
      "file": "cypress/e2e/Login.cy.js",
      "beforeHooks": [],
      "afterHooks": [],
      "tests": [],
      "suites": [
        {
          "uuid": "c496b366-44d3-45c2-8f98-23fb27d64c5f",
          "title": "Testes de login da DemoPHP",
          "fullFile": "",
          "file": "",
          "beforeHooks": [],
          "afterHooks": [],
          "tests": [
            {
              "title": "Teste 4 - Login com dados randômicos",
              "fullTitle": "Testes de login da DemoPHP Teste 4 - Login com dados randômicos",
              "timedOut": null,
              "duration": 4103,
              "state": "passed",
              "speed": "fast",
              "pass": true,
              "fail": false,
              "pending": false,
              "context": null,
              "code": "const email = _faker.faker.internet.email();\nconst password = _faker.faker.internet.password();\n_pageseexport.default.login(email, password);\n_pageseexport.default.CheckMessageError('Error Invalid Credentials');",
              "err": {},
              "uuid": "13944fd2-2d93-4528-b904-b7b7a7d20420",
              "parentUUID": "c496b366-44d3-45c2-8f98-23fb27d64c5f",
              "isHook": false,
              "skipped": false
            }
          ],
          "suites": [],
          "passes": [
            "13944fd2-2d93-4528-b904-b7b7a7d20420"
          ],
          "failures": [],
          "pending": [],
          "skipped": [],
          "duration": 4103,
          "root": false,
          "rootEmpty": false,
          "_timeout": 2000
        }
      ],
      "passes": [],
      "failures": [],
      "pending": [],
      "skipped": [],
      "duration": 0,
      "root": true,
      "rootEmpty": true,
      "_timeout": 2000
    }
  ],
  "meta": {
    "mocha": {
      "version": "7.2.0"
    },
    "mochawesome": {
      "options": {
        "quiet": false,
        "reportFilename": "mochawesome",
        "saveHtml": false,
        "saveJson": true,
        "consoleReporter": "spec",
        "useInlineDiffs": false,
        "code": true
      },
      "version": "7.1.4"
    },
    "marge": {
      "options": {
        "reportDir": "cypress/reports",
        "overwrite": false,
        "html": false,
        "json": true,
        "charts": true,
        "reportPageTitle": "PHPTravels - Cypress Automation Report"
      },
      "version": "6.3.2"
    }
  }
}